May-04 08:46:04.257 [main] DEBUG nextflow.cli.Launcher - $> nextflow run snRNA-mapping-rate/main.nf --sdrf snRNA-mapping-rate/E-CURD-90.sdrf.txt --resultsRoot results --referenceGenome /homes/nnolte/snRNA-seq-Mapping-rate-comparison/Drosophila_melanogaster.BDGP6.32.dna.toplevel.fa --referencecDNA /homes/nnolte/snRNA-seq-Mapping-rate-comparison/Drosophila_melanogaster.BDGP6.32.cdna.all.fa.gz --referenceGtf /homes/nnolte/snRNA-seq-Mapping-rate-comparison/Drosophila_melanogaster.BDGP6.32.106.gtf -resume
May-04 08:46:04.414 [main] INFO  nextflow.cli.CmdRun - N E X T F L O W  ~  version 21.10.6
May-04 08:46:04.467 [main] DEBUG nextflow.scm.AssetManager - Listing projects in folder: /homes/nnolte/.nextflow/assets
May-04 08:46:04.480 [main] INFO  nextflow.cli.CmdRun - Pulling nextflow-io/snRNA-mapping-rate ...
May-04 08:46:04.523 [main] DEBUG nextflow.scm.RepositoryProvider - Request [credentials -:-] -> https://api.github.com/repos/nextflow-io/snRNA-mapping-rate/contents/main.nf
May-04 08:46:05.652 [main] DEBUG nextflow.scm.RepositoryProvider - Response status: 404 -- {"message":"Not Found","documentation_url":"https://docs.github.com/rest/reference/repos#get-repository-content"}
May-04 08:46:05.658 [main] DEBUG nextflow.cli.Launcher - Operation aborted
nextflow.exception.AbortOperationException: Remote resource not found: https://api.github.com/repos/nextflow-io/snRNA-mapping-rate/contents/main.nf
	at nextflow.scm.RepositoryProvider.checkResponse(RepositoryProvider.groovy:187)
	at nextflow.scm.RepositoryProvider.invoke(RepositoryProvider.groovy:136)
	at nextflow.scm.RepositoryProvider.memoizedMethodPriv$invokeAndParseResponseString(RepositoryProvider.groovy:218)
	at sun.reflect.NativeMethodAccessorImpl.invoke0(Native Method)
	at sun.reflect.NativeMethodAccessorImpl.invoke(NativeMethodAccessorImpl.java:62)
	at sun.reflect.DelegatingMethodAccessorImpl.invoke(DelegatingMethodAccessorImpl.java:43)
	at java.lang.reflect.Method.invoke(Method.java:498)
	at org.codehaus.groovy.reflection.CachedMethod.invoke(CachedMethod.java:107)
	at groovy.lang.MetaMethod.doMethodInvoke(MetaMethod.java:323)
	at groovy.lang.MetaClassImpl.invokeMethod(MetaClassImpl.java:1268)
	at groovy.lang.MetaClassImpl.invokeMethod(MetaClassImpl.java:1035)
	at org.codehaus.groovy.runtime.InvokerHelper.invokePogoMethod(InvokerHelper.java:1029)
	at org.codehaus.groovy.runtime.InvokerHelper.invokeMethod(InvokerHelper.java:1012)
	at org.codehaus.groovy.runtime.InvokerHelper.invokeMethodSafe(InvokerHelper.java:101)
	at nextflow.scm.RepositoryProvider$_closure2.doCall(RepositoryProvider.groovy)
	at sun.reflect.NativeMethodAccessorImpl.invoke0(Native Method)
	at sun.reflect.NativeMethodAccessorImpl.invoke(NativeMethodAccessorImpl.java:62)
	at sun.reflect.DelegatingMethodAccessorImpl.invoke(DelegatingMethodAccessorImpl.java:43)
	at java.lang.reflect.Method.invoke(Method.java:498)
	at org.codehaus.groovy.reflection.CachedMethod.invoke(CachedMethod.java:107)
	at groovy.lang.MetaMethod.doMethodInvoke(MetaMethod.java:323)
	at org.codehaus.groovy.runtime.metaclass.ClosureMetaClass.invokeMethod(ClosureMetaClass.java:274)
	at groovy.lang.MetaClassImpl.invokeMethod(MetaClassImpl.java:1035)
	at groovy.lang.Closure.call(Closure.java:412)
	at org.codehaus.groovy.runtime.memoize.Memoize$MemoizeFunction.lambda$call$0(Memoize.java:137)
	at org.codehaus.groovy.runtime.memoize.ConcurrentCommonCache.getAndPut(ConcurrentCommonCache.java:137)
	at org.codehaus.groovy.runtime.memoize.ConcurrentCommonCache.getAndPut(ConcurrentCommonCache.java:113)
	at org.codehaus.groovy.runtime.memoize.Memoize$MemoizeFunction.call(Memoize.java:136)
	at groovy.lang.Closure.call(Closure.java:428)
	at nextflow.scm.RepositoryProvider.invokeAndParseResponse(RepositoryProvider.groovy)
	at nextflow.scm.GithubRepositoryProvider.readBytes(GithubRepositoryProvider.groovy:100)
	at nextflow.scm.RepositoryProvider.validateFor(RepositoryProvider.groovy:246)
	at nextflow.scm.AssetManager.checkValidRemoteRepo(AssetManager.groovy:383)
	at nextflow.scm.AssetManager.download(AssetManager.groovy:591)
	at nextflow.scm.AssetManager.download(AssetManager.groovy)
	at nextflow.cli.CmdRun.getScriptFile(CmdRun.groovy:374)
	at nextflow.cli.CmdRun.run(CmdRun.groovy:264)
	at nextflow.cli.Launcher.run(Launcher.groovy:480)
	at nextflow.cli.Launcher.main(Launcher.groovy:639)
